<?xml version="1.0" encoding="UTF-8"?>
<!-- Generated by org.testng.reporters.JUnitXMLReporter -->
<testsuite ignored="1" hostname="LAPTOP-644D0OPQ" failures="0" tests="5" name="Default test" time="594.028" errors="0" timestamp="2022-02-15T10:21:32 IST">
  <testcase classname="com.TestNG_RunnerClass.TestNgRunner" name="women" time="179.752"/>
  <testcase classname="com.TestNG_RunnerClass.TestNgRunner" name="dresses" time="67.475"/>
  <testcase classname="com.TestNG_RunnerClass.TestNgRunner" name="blouses" time="71.178"/>
  <testcase classname="com.TestNG_RunnerClass.TestNgRunner" name="blouses" time="68.035"/>
  <testcase classname="com.TestNG_RunnerClass.TestNgRunner" name="womenTshirt" time="76.269"/>
  <testcase classname="com.TestNG_RunnerClass.TestNgRunner" name="summerDresses" time="0.0">
    <ignored/>
  </testcase> <!-- summerDresses -->
</testsuite> <!-- Default test -->
